Change Component Designator: OldDesignator=3 NewDesignator=ESP1
Change Component Designator: OldDesignator=MQ-2 NewDesignator=MQ1
Added Component: Designator=C1(JP15-C1T)
Add component (AddParameter): Name = "ComponentLink1 Description"; Value = "Manufacturer"; VariantName = "[No Variations]"
Add component (AddParameter): Name = "ComponentLink1URL"; Value = "http://www.we-online.com"; VariantName = "[No Variations]"
Add component (AddParameter): Name = "ComponentLink2 Description"; Value = "Datasheet"; VariantName = "[No Variations]"
Add component (AddParameter): Name = "ComponentLink2URL"; Value = "http://katalog.we-online.de/em/datasheet/6130xx143121.pdf"; VariantName = "[No Variations]"
Add component (AddParameter): Name = "Created by"; Value = "Karrer Zheng"; VariantName = "[No Variations]"
Add component (AddParameter): Name = "Created Date"; Value = "29 March 2013"; VariantName = "[No Variations]"
Add component (AddParameter): Name = "Manufacturer"; Value = "W¨¹rth Elektronik eiSos GmbH"; VariantName = "[No Variations]"
Add component (AddParameter): Name = "NoPins"; Value = "15"; VariantName = "[No Variations]"
Add component (AddParameter): Name = "partNo"; Value = "613015143121"; VariantName = "[No Variations]"
Added Component: Designator=C2(JP15-C1T)
Add component (AddParameter): Name = "ComponentLink1 Description"; Value = "Manufacturer"; VariantName = "[No Variations]"
Add component (AddParameter): Name = "ComponentLink1URL"; Value = "http://www.we-online.com"; VariantName = "[No Variations]"
Add component (AddParameter): Name = "ComponentLink2 Description"; Value = "Datasheet"; VariantName = "[No Variations]"
Add component (AddParameter): Name = "ComponentLink2URL"; Value = "http://katalog.we-online.de/em/datasheet/6130xx143121.pdf"; VariantName = "[No Variations]"
Add component (AddParameter): Name = "Created by"; Value = "Karrer Zheng"; VariantName = "[No Variations]"
Add component (AddParameter): Name = "Created Date"; Value = "29 March 2013"; VariantName = "[No Variations]"
Add component (AddParameter): Name = "Manufacturer"; Value = "W¨¹rth Elektronik eiSos GmbH"; VariantName = "[No Variations]"
Add component (AddParameter): Name = "NoPins"; Value = "15"; VariantName = "[No Variations]"
Add component (AddParameter): Name = "partNo"; Value = "613015143121"; VariantName = "[No Variations]"
Added Pin To Net: NetName=SCL Pin=C1-2
Added Pin To Net: NetName=SDA Pin=C1-5
Added Pin To Net: NetName=R2 Pin=C1-9
Added Pin To Net: NetName=R1 Pin=C1-10
Added Pin To Net: NetName=RESTART Pin=C1-11
Added Pin To Net: NetName=switchpage Pin=C1-12
Added Pin To Net: NetName=DHT11 Pin=C1-13
Added Pin To Net: NetName=GND Pin=C1-14
Added Pin To Net: NetName=5V Pin=C2-1
Added Pin To Net: NetName=RL1 Pin=C2-9
Added Pin To Net: NetName=RL2 Pin=C2-10
Added Pin To Net: NetName=FLAME Pin=C2-11
Added Pin To Net: NetName=MQ2 Pin=C2-12
Added Pin To Net: NetName=NetC1_1 Pin=C1-1
Added Pin To Net: NetName=NetC1_1 Pin=ESP1-15
Added Net: Name=NetC1_1
Added Pin To Net: NetName=NetC1_3 Pin=C1-3
Added Pin To Net: NetName=NetC1_3 Pin=ESP1-13
Added Net: Name=NetC1_3
Added Pin To Net: NetName=NetC1_4 Pin=C1-4
Added Pin To Net: NetName=NetC1_4 Pin=ESP1-12
Added Net: Name=NetC1_4
Added Pin To Net: NetName=NetC1_6 Pin=C1-6
Added Pin To Net: NetName=NetC1_6 Pin=ESP1-10
Added Net: Name=NetC1_6
Added Pin To Net: NetName=NetC1_7 Pin=C1-7
Added Pin To Net: NetName=NetC1_7 Pin=ESP1-9
Added Net: Name=NetC1_7
Added Pin To Net: NetName=NetC1_8 Pin=C1-8
Added Pin To Net: NetName=NetC1_8 Pin=ESP1-8
Added Net: Name=NetC1_8
Added Pin To Net: NetName=NetC1_15 Pin=C1-15
Added Pin To Net: NetName=NetC1_15 Pin=ESP1-1
Added Net: Name=NetC1_15
Added Pin To Net: NetName=NetC2_2 Pin=C2-2
Added Pin To Net: NetName=NetC2_2 Pin=ESP1-29
Added Net: Name=NetC2_2
Added Pin To Net: NetName=NetC2_3 Pin=C2-3
Added Pin To Net: NetName=NetC2_3 Pin=ESP1-28
Added Net: Name=NetC2_3
Added Pin To Net: NetName=NetC2_4 Pin=C2-4
Added Pin To Net: NetName=NetC2_4 Pin=ESP1-27
Added Net: Name=NetC2_4
Added Pin To Net: NetName=NetC2_5 Pin=C2-5
Added Pin To Net: NetName=NetC2_5 Pin=ESP1-26
Added Net: Name=NetC2_5
Added Pin To Net: NetName=NetC2_6 Pin=C2-6
Added Pin To Net: NetName=NetC2_6 Pin=ESP1-25
Added Net: Name=NetC2_6
Added Pin To Net: NetName=NetC2_7 Pin=C2-7
Added Pin To Net: NetName=NetC2_7 Pin=ESP1-24
Added Net: Name=NetC2_7
Added Pin To Net: NetName=NetC2_8 Pin=C2-8
Added Pin To Net: NetName=NetC2_8 Pin=ESP1-23
Added Net: Name=NetC2_8
Added Pin To Net: NetName=NetC2_13 Pin=C2-13
Added Pin To Net: NetName=NetC2_13 Pin=ESP1-18
Added Net: Name=NetC2_13
Added Pin To Net: NetName=NetC2_14 Pin=C2-14
Added Pin To Net: NetName=NetC2_14 Pin=ESP1-17
Added Net: Name=NetC2_14
Added Pin To Net: NetName=NetC2_15 Pin=C2-15
Added Pin To Net: NetName=NetC2_15 Pin=ESP1-16
Added Net: Name=NetC2_15
Added Member To Class: ClassName=Sheet2 Member=Component C1 JP15
Added Member To Class: ClassName=Sheet2 Member=Component C2 JP15
Added Member To Class: ClassName=Sheet2 Member=Component MQ1 JP 1x4 2.54
