Remove Pin=DHT1-1 From Net=5V
Remove Pin=DHT1-2 From Net=DHT11
Remove Pin=DHT1-3 From Net=GND
Remove Pin=ESP1-2 From Net=GND
Remove Pin=ESP1-3 From Net=DHT11
Remove Pin=ESP1-4 From Net=switchpage
Remove Pin=ESP1-5 From Net=RESTART
Remove Pin=ESP1-6 From Net=R1
Remove Pin=ESP1-7 From Net=R2
Remove Pin=ESP1-11 From Net=SDA
Remove Pin=ESP1-14 From Net=SCL
Remove Pin=ESP1-19 From Net=MQ2
Remove Pin=ESP1-20 From Net=FLAME
Remove Pin=ESP1-21 From Net=RL2
Remove Pin=ESP1-22 From Net=RL1
Remove Pin=ESP1-29 From Net=GND1
Remove Pin=ESP1-30 From Net=5V
Remove Pin=FLame1-1 From Net=5V
Remove Pin=FLame1-2 From Net=GND1
Remove Pin=FLame1-3 From Net=FLAME
Remove Pin=LCD-1 From Net=GND
Remove Pin=LCD-2 From Net=5V
Remove Pin=LCD-3 From Net=SDA
Remove Pin=LCD-4 From Net=SCL
Remove Pin=MQ1-1 From Net=5V
Remove Pin=MQ1-2 From Net=GND1
Remove Pin=MQ1-4 From Net=MQ2
Remove Pin=R11-1 From Net=RL1
Remove Pin=R12-1 From Net=RL2
